-1	0.867	-0.0667	-0.989	0.878	-0.0556	-0.978	0.889	-0.0444	-0.967	0.9	-0.0333	-0.956	0.911	-0.0222	-0.944	0.922	-0.0111	-0.933	0.933	0	-0.922	0.944	0.0111	-0.911	0.956	0.0222	-0.9	0.967	0.0333	-0.889	0.978	0.0444	-0.878	0.989	0.0556	-0.867	1	0.0667	
0	0	0	1	1	1	2	2	2	3	3	3	4	4	4	5	5	5	6	6	6	7	7	7	8	8	8	9	9	9	10	10	10	11	11	11	12	12	12	
likpersnp	1.35	0.657	0.00671	2.49	1.35	0.0773	4.11	2.49	0.571	6.07	4.11	2.71	8.01	6.07	8.22	9.46	8.01	16	10	9.46	20	9.46	10	16	8.01	9.46	8.22	6.07	8.01	2.71	4.11	6.07	0.571	2.49	4.11	0.0773	1.35	2.49	0.00671	
0	1	0	0	1	0	0	1	0	0	1	0	0	1	0	0	1	0	0	1	0	0	1	0	0	1	0	0	1	0	0	1	0	0	1	0	0	1	0	
0	0	1	0	0	1	0	0	1	0	0	1	0	0	1	0	0	1	0	0	1	0	0	1	0	0	1	0	0	1	0	0	1	0	0	1	0	0	1	
1	0	0	1	0	0	1	0	0	1	0	0	1	0	0	1	0	0	1	0	0	1	0	0	1	0	0	1	0	0	1	0	0	1	0	0	1	0	0	
probs:	0.333	0.333	0.333	
curr_lik:	37.4
0	1	0	0	1	0	0	1	0	0	1	0	0	1	0	0	1	0	0	1	0	0	1	0	0	1	0	0	1	0	0	1	0	0	1	0	0	1	0	
4.26e-16	0.867	1.76e-18	0	0.878	0	0	0.889	0	0	0.9	0	0	0.911	0	0	0.922	0	0	0.933	0	0	0.944	0	0	0.956	0	0	0.967	0	0	0.978	0	0	0.989	0	0	1	0	
0	0	1	0	0	1	0	0	1	0	0	1	0	0	1	0	0	1	0	0	1	0	0	1	0	0	1	0	0	1	0	0	1	0	0	1	0	0	1	
0	0	0	0	0	0	0	0	0	0	0	0	0	0	0	0	0	0	0	0	0	0	0	0	0	0	0	0	0	0	0	0	0	0	0	0	0	0	0	
1	0	0	1	0	0	1	0	0	1	0	0	1	0	0	1	0	0	1	0	0	1	0	0	1	0	0	1	0	0	1	0	0	1	0	0	1	0	0	
-1	2.49e-17	3.99e-19	-0.989	0	0	-0.978	0	0	-0.967	0	0	-0.956	0	0	-0.944	0	0	-0.933	0	0	-0.922	0	0	-0.911	0	0	-0.9	0	0	-0.889	0	0	-0.878	0	0	-0.867	0	0	
0	1e+03	0	0	1e+03	0	0	1e+03	0	0	1e+03	0	0	1e+03	0	0	1e+03	0	0	1e+03	1e+03	0	1e+03	1.55e-24	0	1e+03	0	0	1e+03	0	0	1e+03	0	0	1e+03	0	0	1e+03	0	
0	0	6.65	0	0	9.85	0	0	13.6	0	0	17.4	0	0	20.9	0	0	23.2	0	0	24.1	0	0	23.2	0	0	20.9	0	0	17.4	0	0	13.6	0	0	9.85	0	0	6.65	
1e+03	0	0	1e+03	0	0	1e+03	0	0	1e+03	0	0	1e+03	0	0	1e+03	0	1.55e-24	1e+03	0	0	1e+03	0	0	1e+03	0	0	1e+03	0	0	1e+03	0	0	1e+03	0	0	1e+03	0	0	
sigma	0.001	0.0416	0.001	
likpersnp	333	333	2.22	333	333	3.28	333	333	4.53	333	333	5.81	333	333	6.95	333	333	7.74	333	333	341	333	333	7.74	333	333	6.95	333	333	5.81	333	333	4.53	333	333	3.28	333	333	2.22	
0	1	0	0	1	0	0	1	0	0	1	0	0	1	0	0	1	0	0	1	0.977	0	1	6.7e-26	0	1	0	0	1	0	0	1	0	0	1	0	0	1	0	
0	0	1	0	0	1	0	0	1	0	0	1	0	0	1	0	0	1	0	0	0.0235	0	0	1	0	0	1	0	0	1	0	0	1	0	0	1	0	0	1	
1	0	0	1	0	0	1	0	0	1	0	0	1	0	0	1	0	6.7e-26	1	0	0	1	0	0	1	0	0	1	0	0	1	0	0	1	0	0	1	0	0	
probs:	0.333	0.308	0.358	
curr_lik:	175
0	1	0	0	1	0	0	1	0	0	1	0	0	1	0	0	1	0	0	1	0.977	0	1	6.7e-26	0	1	0	0	1	0	0	1	0	0	1	0	0	1	0	
-2.14e-15	0.927	-1.14e-17	0	0.878	0	0	0.84	0	0	0.813	0	0	0.797	0	0	0.792	0	0	0.797	0.788	0	0.814	2.11e-13	0	0.841	0	0	0.88	0	0	0.929	0	0	0.989	0	0	1.06	0	
0	0	1	0	0	1	0	0	1	0	0	1	0	0	1	0	0	1	0	0	0.0235	0	0	1	0	0	1	0	0	1	0	0	1	0	0	1	0	0	1	
0	0	0	0	0	0	0	0	0	0	0	0	0	0	0	0	0	0	0	0	0	0	0	0	0	0	0	0	0	0	0	0	0	0	0	0	0	0	0	
1	0	0	1	0	0	1	0	0	1	0	0	1	0	0	1	0	6.7e-26	1	0	0	1	0	0	1	0	0	1	0	0	1	0	0	1	0	0	1	0	0	
-1	-1.9e-17	1.42e-18	-0.989	0	0	-0.978	0	0	-0.967	0	0	-0.956	0	0	-0.944	0	-2.44e-13	-0.933	0	0	-0.922	0	0	-0.911	0	0	-0.9	0	0	-0.889	0	0	-0.878	0	0	-0.867	0	0	
0	4.28	0	0	4.43	0	0	4.33	0	0	4.11	0	0	3.9	0	0	3.75	0	0	3.69	0.01	0	3.75	4.43	0	3.9	4.41	0	4.11	4.38	0	4.33	4.35	0	4.43	4.3	0	4.28	4.24	
0	0	7.04	0	0	10.1	0	0	13.6	0	0	17.2	0	0	20.3	0	0	22.4	0	0	23.1	0	0	22.4	0	0	20.3	0	0	17.2	0	0	13.6	0	0	10.1	0	0	7.04	
1e+03	0	0	1e+03	0	0	1e+03	0	0	1e+03	0	0	1e+03	0	0	1e+03	0	1.55e-24	1e+03	0	0	1e+03	0	0	1e+03	0	0	1e+03	0	0	1e+03	0	0	1e+03	0	0	1e+03	0	0	
sigma	0.001	0.0432	0.226	
likpersnp	333	1.53	2.17	333	1.59	3.12	333	1.55	4.2	333	1.47	5.3	333	1.4	6.25	333	1.34	6.9	333	1.32	7.14	333	1.34	8.49	333	1.4	7.83	333	1.47	6.87	333	1.55	5.76	333	1.59	4.66	333	1.53	3.69	
0	1	0	0	1	0	0	1	0	0	1	0	0	1	0	0	1	0	0	1	0.000503	0	1	0.187	0	1	0.202	0	1	0.229	0	1	0.27	0	1	0.33	0	1	0.412	
0	0	1	0	0	1	0	0	1	0	0	1	0	0	1	0	0	1	0	0	0.999	0	0	0.813	0	0	0.798	0	0	0.771	0	0	0.73	0	0	0.67	0	0	0.588	
1	0	0	1	0	0	1	0	0	1	0	0	1	0	0	1	0	7.51e-26	1	0	0	1	0	0	1	0	0	1	0	0	1	0	0	1	0	0	1	0	0	
probs:	0.333	0.292	0.375	
curr_lik:	102
0	1	0	0	1	0	0	1	0	0	1	0	0	1	0	0	1	0	0	1	0.000503	0	1	0.187	0	1	0.202	0	1	0.229	0	1	0.27	0	1	0.33	0	1	0.412	
2.75e-16	0.852	-7.04e-18	0	0.887	0	0	0.907	0	0	0.913	0	0	0.908	0	0	0.894	0	0	0.873	0.0196	0	0.848	0.366	0	0.82	0.368	0	0.793	0.379	0	0.768	0.399	0	0.747	0.43	0	0.734	0.471	
0	0	1	0	0	1	0	0	1	0	0	1	0	0	1	0	0	1	0	0	0.999	0	0	0.813	0	0	0.798	0	0	0.771	0	0	0.73	0	0	0.67	0	0	0.588	
0	0	0	0	0	0	0	0	0	0	0	0	0	0	0	0	0	0	0	0	0	0	0	0	0	0	0	0	0	0	0	0	0	0	0	0	0	0	0	
1	0	0	1	0	0	1	0	0	1	0	0	1	0	0	1	0	7.51e-26	1	0	0	1	0	0	1	0	0	1	0	0	1	0	0	1	0	0	1	0	0	
-1	-1.9e-17	1.42e-18	-0.989	0	0	-0.978	0	0	-0.967	0	0	-0.956	0	0	-0.944	0	-2.59e-13	-0.933	0	0	-0.922	0	0	-0.911	0	0	-0.9	0	0	-0.889	0	0	-0.878	0	0	-0.867	0	0	
0	5.63	0	0	5.64	0	0	5.62	0	0	5.63	0	0	5.64	0	0	5.57	0	0	5.32	5.61	0	4.86	0.756	0	4.21	0.836	0	3.49	0.841	0	2.8	0.761	0	2.23	0.608	0	1.83	0.418	
0	0	6.39	0	0	9.65	0	0	13.5	0	0	17.6	0	0	21.2	0	0	23.7	0	0	24.7	0	0	23.7	0	0	21.2	0	0	17.6	0	0	13.5	0	0	9.65	0	0	6.39	
1e+03	0	0	1e+03	0	0	1e+03	0	0	1e+03	0	0	1e+03	0	0	1e+03	0	1.55e-24	1e+03	0	0	1e+03	0	0	1e+03	0	0	1e+03	0	0	1e+03	0	0	1e+03	0	0	1e+03	0	0	
sigma	0.001	0.0406	0.177	
AA:	0.852	0.0438	-0.00899	0.000377	
AB:	
BB:	-1	0.0111	-2.08e-10	1.68e-19	
sigma:	0.001	0.0406	0.177	
